---------- Date: 2016-12-20 01:06:11 ~ IP : ::1 ----------
REQUEST URI : /cmsv2/admin/index.php?route=extension/modification/refresh&token=S1WBwC2bYhUqFMTofIwkXVoj3nJ0B2gy
VQMod::_parseMods - INVALID XML FILE: : Document is empty in /Applications/MAMP/htdocs/cmsv2/vqmod/xml/seopack.xml, line: 1
----------------------------------------------------------------------


---------- Date: 2016-12-20 01:15:08 ~ IP : ::1 ----------
REQUEST URI : /cmsv2/admin/index.php?route=catalog/product&token=S1WBwC2bYhUqFMTofIwkXVoj3nJ0B2gy
VQMod::_parseMods - INVALID XML FILE: : Document is empty in /Applications/MAMP/htdocs/cmsv2/vqmod/xml/seopack.xml, line: 1
----------------------------------------------------------------------


---------- Date: 2016-12-20 01:26:26 ~ IP : ::1 ----------
REQUEST URI : /cmsv2/admin/index.php?route=blog/blog&token=S1WBwC2bYhUqFMTofIwkXVoj3nJ0B2gy
VQMod::_parseMods - INVALID XML FILE: : Extra content at the end of the document in /Applications/MAMP/htdocs/cmsv2/vqmod/xml/seo_blog.xml, line: 19
VQMod::_parseMods - INVALID XML FILE: : Document is empty in /Applications/MAMP/htdocs/cmsv2/vqmod/xml/seopack.xml, line: 1
----------------------------------------------------------------------


---------- Date: 2016-12-20 01:27:21 ~ IP : ::1 ----------
REQUEST URI : /cmsv2/admin/index.php?route=blog/blog/update&token=S1WBwC2bYhUqFMTofIwkXVoj3nJ0B2gy&blog_id=16
VQMod::_parseMods - INVALID XML FILE: : Extra content at the end of the document in /Applications/MAMP/htdocs/cmsv2/vqmod/xml/seo_blog.xml, line: 19
VQMod::_parseMods - INVALID XML FILE: : Document is empty in /Applications/MAMP/htdocs/cmsv2/vqmod/xml/seopack.xml, line: 1
----------------------------------------------------------------------


---------- Date: 2016-12-20 01:28:40 ~ IP : ::1 ----------
REQUEST URI : /cmsv2/admin/index.php?route=extension/modification&token=S1WBwC2bYhUqFMTofIwkXVoj3nJ0B2gy
VQMod::_parseMods - INVALID XML FILE: : Document is empty in /Applications/MAMP/htdocs/cmsv2/vqmod/xml/seopack.xml, line: 1
MOD DETAILS:
   modFile   : /Applications/MAMP/htdocs/cmsv2/vqmod/xml/seo_blog.xml
   id        : Multi Language SEO Keywords
   version   : 1.0.0
   vqmver    : 2.1.5
   author    : ovife21

File Name    : admin/model/catalog/product.php(0)
VQModObject::applyMod - SEARCH NOT FOUND (ABORTING MOD): $this->db->query("INSERT INTO " . DB_PREFIX . "url_alias SET query = 'product_id=" . (int)$product_id . "', keyword = '" . $this->db->escape($data['keyword']) . "'");

----------------------------------------------------------------------


---------- Date: 2016-12-20 01:29:07 ~ IP : ::1 ----------
REQUEST URI : /cmsv2/admin/index.php?route=extension/modification&token=S1WBwC2bYhUqFMTofIwkXVoj3nJ0B2gy
VQMod::_parseMods - INVALID XML FILE: : Document is empty in /Applications/MAMP/htdocs/cmsv2/vqmod/xml/seopack.xml, line: 1
MOD DETAILS:
   modFile   : /Applications/MAMP/htdocs/cmsv2/vqmod/xml/seo_blog.xml
   id        : Blog Multi Language SEO Keywords
   version   : 1.0.0
   vqmver    : 2.1.5
   author    : binh Wbc

File Name    : admin/model/catalog/product.php(0)
VQModObject::applyMod - SEARCH NOT FOUND (ABORTING MOD): $this->db->query("INSERT INTO " . DB_PREFIX . "url_alias SET query = 'product_id=" . (int)$product_id . "', keyword = '" . $this->db->escape($data['keyword']) . "'");

----------------------------------------------------------------------


---------- Date: 2016-12-20 01:29:23 ~ IP : ::1 ----------
REQUEST URI : /cmsv2/admin/index.php?route=extension/modification&token=S1WBwC2bYhUqFMTofIwkXVoj3nJ0B2gy
VQMod::_parseMods - INVALID XML FILE: : Document is empty in /Applications/MAMP/htdocs/cmsv2/vqmod/xml/seopack.xml, line: 1
MOD DETAILS:
   modFile   : /Applications/MAMP/htdocs/cmsv2/vqmod/xml/seo_blog.xml
   id        : Blog Multi Language SEO Keywords
   version   : 1.0.0
   vqmver    : 2.1.5
   author    : binh@wbc.vn

File Name    : admin/model/catalog/product.php(0)
VQModObject::applyMod - SEARCH NOT FOUND (ABORTING MOD): $this->db->query("INSERT INTO " . DB_PREFIX . "url_alias SET query = 'product_id=" . (int)$product_id . "', keyword = '" . $this->db->escape($data['keyword']) . "'");

----------------------------------------------------------------------


---------- Date: 2016-12-20 01:33:35 ~ IP : ::1 ----------
REQUEST URI : /cmsv2/admin/index.php?route=blog/blog/update&token=S1WBwC2bYhUqFMTofIwkXVoj3nJ0B2gy&blog_id=16
VQMod::_parseMods - INVALID XML FILE: : Document is empty in /Applications/MAMP/htdocs/cmsv2/vqmod/xml/seopack.xml, line: 1
MOD DETAILS:
   modFile   : /Applications/MAMP/htdocs/cmsv2/vqmod/xml/seo_blog.xml
   id        : Blog Multi Language SEO Keywords
   version   : 1.0.0
   vqmver    : 2.1.5
   author    : binh@wbc.vn

File Name    : admin/model/blog/blog.php(0)
VQModObject::applyMod - SEARCH NOT FOUND (ABORTING MOD): $this->db->query("INSERT INTO " . DB_PREFIX . "url_alias SET
			query = 'blog_id=" . (int)$blog_id . "',
			keyword = '" . $this->db->escape($data['keyword']) . "'
			");

----------------------------------------------------------------------


---------- Date: 2016-12-20 01:36:00 ~ IP : ::1 ----------
REQUEST URI : /cmsv2/admin/index.php?route=blog/blog/update&token=S1WBwC2bYhUqFMTofIwkXVoj3nJ0B2gy&blog_id=16
VQMod::_parseMods - INVALID XML FILE: : Document is empty in /Applications/MAMP/htdocs/cmsv2/vqmod/xml/seopack.xml, line: 1
MOD DETAILS:
   modFile   : /Applications/MAMP/htdocs/cmsv2/vqmod/xml/seo_blog.xml
   id        : Blog Multi Language SEO Keywords
   version   : 1.0.0
   vqmver    : 2.1.5
   author    : binh@wbc.vn

File Name    : admin/model/blog/blog.php(0)
VQModObject::applyMod - SEARCH NOT FOUND (ABORTING MOD): $this->db->query("INSERT INTO " . DB_PREFIX . "url_alias SET
			query = 'blog_id=" . (int)$blog_id . "',
			keyword = '" . $this->db->escape($data['keyword']) . "'
			");

----------------------------------------------------------------------


---------- Date: 2016-12-20 01:37:07 ~ IP : ::1 ----------
REQUEST URI : /cmsv2/admin/index.php?route=blog/blog/update&token=S1WBwC2bYhUqFMTofIwkXVoj3nJ0B2gy&blog_id=16
VQMod::_parseMods - INVALID XML FILE: : Document is empty in /Applications/MAMP/htdocs/cmsv2/vqmod/xml/seopack.xml, line: 1
----------------------------------------------------------------------


---------- Date: 2016-12-20 01:40:11 ~ IP : ::1 ----------
REQUEST URI : /cmsv2/admin/index.php?route=blog/blog/update&token=S1WBwC2bYhUqFMTofIwkXVoj3nJ0B2gy&blog_id=16
VQMod::_parseMods - INVALID XML FILE: : Document is empty in /Applications/MAMP/htdocs/cmsv2/vqmod/xml/seopack.xml, line: 1
MOD DETAILS:
   modFile   : /Applications/MAMP/htdocs/cmsv2/vqmod/xml/seo_blog.xml
   id        : Blog Multi Language SEO Keywords
   version   : 1.0.0
   vqmver    : 2.1.5
   author    : binh@wbc.vn

File Name    : admin/model/blog/blog.php(2)
VQModObject::applyMod - SEARCH NOT FOUND (ABORTING MOD): $data['keyword'] = '';

----------------------------------------------------------------------


---------- Date: 2016-12-20 01:40:50 ~ IP : ::1 ----------
REQUEST URI : /cmsv2/admin/index.php?route=blog/blog/update&token=S1WBwC2bYhUqFMTofIwkXVoj3nJ0B2gy&blog_id=16
VQMod::_parseMods - INVALID XML FILE: : Document is empty in /Applications/MAMP/htdocs/cmsv2/vqmod/xml/seopack.xml, line: 1
MOD DETAILS:
   modFile   : /Applications/MAMP/htdocs/cmsv2/vqmod/xml/seo_blog.xml
   id        : Blog Multi Language SEO Keywords
   version   : 1.0.0
   vqmver    : 2.1.5
   author    : binh@wbc.vn

File Name    : admin/model/blog/blog.php(2)
VQModObject::applyMod - SEARCH NOT FOUND (ABORTING MOD): $data['keyword'] = '';

----------------------------------------------------------------------


---------- Date: 2016-12-20 01:41:29 ~ IP : ::1 ----------
REQUEST URI : /cmsv2/admin/index.php?route=blog/blog/update&token=S1WBwC2bYhUqFMTofIwkXVoj3nJ0B2gy&blog_id=16
VQMod::_parseMods - INVALID XML FILE: : Document is empty in /Applications/MAMP/htdocs/cmsv2/vqmod/xml/seopack.xml, line: 1
MOD DETAILS:
   modFile   : /Applications/MAMP/htdocs/cmsv2/vqmod/xml/seo_blog.xml
   id        : Blog Multi Language SEO Keywords
   version   : 1.0.0
   vqmver    : 2.1.5
   author    : binh@wbc.vn

File Name    : admin/model/blog/blog.php(3)
VQModObject::applyMod - SEARCH NOT FOUND (ABORTING MOD): , (SELECT keyword FROM " . DB_PREFIX . "url_alias WHERE query = 'blog_id=" . (int)$blog_id . "') AS keyword

----------------------------------------------------------------------


---------- Date: 2016-12-20 01:43:37 ~ IP : ::1 ----------
REQUEST URI : /cmsv2/admin/index.php?route=blog/blog/update&token=S1WBwC2bYhUqFMTofIwkXVoj3nJ0B2gy&blog_id=16
VQMod::_parseMods - INVALID XML FILE: : Document is empty in /Applications/MAMP/htdocs/cmsv2/vqmod/xml/seopack.xml, line: 1
----------------------------------------------------------------------


---------- Date: 2016-12-20 01:46:23 ~ IP : ::1 ----------
REQUEST URI : /cmsv2/admin/index.php?route=catalog/product&token=S1WBwC2bYhUqFMTofIwkXVoj3nJ0B2gy
VQMod::_parseMods - INVALID XML FILE: : Document is empty in /Applications/MAMP/htdocs/cmsv2/vqmod/xml/seopack.xml, line: 1
----------------------------------------------------------------------


---------- Date: 2016-12-20 01:46:25 ~ IP : ::1 ----------
REQUEST URI : /cmsv2/admin/index.php?route=catalog/product/edit&token=S1WBwC2bYhUqFMTofIwkXVoj3nJ0B2gy&product_id=42
MOD DETAILS:
   modFile   : /Applications/MAMP/htdocs/cmsv2/vqmod/xml/ML_seo_keywords.xml
   id        : Multi Language SEO Keywords
   version   : 1.0.0
   vqmver    : 2.1.5
   author    : ovife21

File Name    : admin/model/catalog/category.php(0)
VQModObject::applyMod - SEARCH NOT FOUND (ABORTING MOD): $this->db->query("INSERT INTO " . DB_PREFIX . "url_alias SET query = 'category_id=" . (int)$category_id . "', keyword = '" . $this->db->escape($data['keyword']) . "'");

----------------------------------------------------------------------


---------- Date: 2016-12-20 01:46:53 ~ IP : ::1 ----------
REQUEST URI : /cmsv2/admin/index.php?route=catalog/product/edit&token=S1WBwC2bYhUqFMTofIwkXVoj3nJ0B2gy&product_id=42
VQMod::_parseMods - INVALID XML FILE: : Document is empty in /Applications/MAMP/htdocs/cmsv2/vqmod/xml/seopack.xml, line: 1
----------------------------------------------------------------------


---------- Date: 2016-12-20 01:47:38 ~ IP : ::1 ----------
REQUEST URI : /cmsv2/admin/index.php?route=catalog/product/edit&token=S1WBwC2bYhUqFMTofIwkXVoj3nJ0B2gy&product_id=30
MOD DETAILS:
   modFile   : /Applications/MAMP/htdocs/cmsv2/vqmod/xml/ML_seo_blog.xml
   id        : Blog Multi Language SEO Keywords
   version   : 1.0.0
   vqmver    : 2.1.5
   author    : binh@wbc.vn
VQModObject::parseMods - Could not resolve path for [admin/model/blog/category.php] (SKIPPED)
VQModObject::parseMods - Could not resolve path for [admin/view/template/blog/category_form.tpl] (SKIPPED)

VQMod::_parseMods - INVALID XML FILE: : Document is empty in /Applications/MAMP/htdocs/cmsv2/vqmod/xml/seopack.xml, line: 1
----------------------------------------------------------------------


---------- Date: 2016-12-20 01:48:13 ~ IP : ::1 ----------
REQUEST URI : /cmsv2/admin/index.php?route=blog/blog/update&token=S1WBwC2bYhUqFMTofIwkXVoj3nJ0B2gy&blog_id=16
MOD DETAILS:
   modFile   : /Applications/MAMP/htdocs/cmsv2/vqmod/xml/ML_seo_blog.xml
   id        : Blog Multi Language SEO Keywords
   version   : 1.0.0
   vqmver    : 2.1.5
   author    : binh@wbc.vn
VQModObject::parseMods - Could not resolve path for [admin/model/blog/category.php] (SKIPPED)
VQModObject::parseMods - Could not resolve path for [admin/view/template/blog/category_form.tpl] (SKIPPED)

VQMod::_parseMods - INVALID XML FILE: : Document is empty in /Applications/MAMP/htdocs/cmsv2/vqmod/xml/seopack.xml, line: 1
----------------------------------------------------------------------


---------- Date: 2016-12-20 01:57:08 ~ IP : ::1 ----------
REQUEST URI : /cmsv2/admin/index.php?route=blog/blog/update&token=S1WBwC2bYhUqFMTofIwkXVoj3nJ0B2gy&blog_id=16
MOD DETAILS:
   modFile   : /Applications/MAMP/htdocs/cmsv2/vqmod/xml/ML_seo_blog.xml
   id        : Blog Multi Language SEO Keywords
   version   : 1.0.0
   vqmver    : 2.1.5
   author    : binh@wbc.vn
VQModObject::parseMods - Could not resolve path for [admin/view/template/blog/category_form.tpl] (SKIPPED)

VQMod::_parseMods - INVALID XML FILE: : Document is empty in /Applications/MAMP/htdocs/cmsv2/vqmod/xml/seopack.xml, line: 1
----------------------------------------------------------------------


---------- Date: 2016-12-20 01:57:11 ~ IP : ::1 ----------
REQUEST URI : /cmsv2/admin/index.php?route=blog/blog_category&token=S1WBwC2bYhUqFMTofIwkXVoj3nJ0B2gy
MOD DETAILS:
   modFile   : /Applications/MAMP/htdocs/cmsv2/vqmod/xml/ML_seo_blog.xml
   id        : Blog Multi Language SEO Keywords
   version   : 1.0.0
   vqmver    : 2.1.5
   author    : binh@wbc.vn

File Name    : admin/controller/blog/blog_category.php(0)
VQModObject::applyMod - SEARCH NOT FOUND (ABORTING MOD): $data['keyword'] = $$blog_category_info['keyword'];

----------------------------------------------------------------------


---------- Date: 2016-12-20 01:57:35 ~ IP : ::1 ----------
REQUEST URI : /cmsv2/admin/index.php?route=blog/blog_category/update&token=S1WBwC2bYhUqFMTofIwkXVoj3nJ0B2gy&blog_category_id=49
VQMod::_parseMods - INVALID XML FILE: : Document is empty in /Applications/MAMP/htdocs/cmsv2/vqmod/xml/seopack.xml, line: 1
MOD DETAILS:
   modFile   : /Applications/MAMP/htdocs/cmsv2/vqmod/xml/ML_seo_blog.xml
   id        : Blog Multi Language SEO Keywords
   version   : 1.0.0
   vqmver    : 2.1.5
   author    : binh@wbc.vn

File Name    : admin/controller/blog/blog_category.php(0)
VQModObject::applyMod - SEARCH NOT FOUND (ABORTING MOD): $data['keyword'] = $$blog_category_info['keyword'];

----------------------------------------------------------------------


---------- Date: 2016-12-20 01:58:10 ~ IP : ::1 ----------
REQUEST URI : /cmsv2/admin/index.php?route=blog/blog_category/update&token=S1WBwC2bYhUqFMTofIwkXVoj3nJ0B2gy&blog_category_id=49
VQMod::_parseMods - INVALID XML FILE: : Document is empty in /Applications/MAMP/htdocs/cmsv2/vqmod/xml/seopack.xml, line: 1
MOD DETAILS:
   modFile   : /Applications/MAMP/htdocs/cmsv2/vqmod/xml/ML_seo_blog.xml
   id        : Blog Multi Language SEO Keywords
   version   : 1.0.0
   vqmver    : 2.1.5
   author    : binh@wbc.vn

File Name    : admin/controller/blog/blog_category.php(0)
VQModObject::applyMod - SEARCH NOT FOUND (ABORTING MOD): $data['keyword'] = $$blog_category_info['keyword'];

----------------------------------------------------------------------


---------- Date: 2016-12-20 01:59:27 ~ IP : ::1 ----------
REQUEST URI : /cmsv2/admin/index.php?route=blog/blog_category/update&token=S1WBwC2bYhUqFMTofIwkXVoj3nJ0B2gy&blog_category_id=49
VQMod::_parseMods - INVALID XML FILE: : Document is empty in /Applications/MAMP/htdocs/cmsv2/vqmod/xml/seopack.xml, line: 1
MOD DETAILS:
   modFile   : /Applications/MAMP/htdocs/cmsv2/vqmod/xml/ML_seo_blog.xml
   id        : Blog Multi Language SEO Keywords
   version   : 1.0.0
   vqmver    : 2.1.5
   author    : binh@wbc.vn

File Name    : admin/controller/blog/blog_category.php(0)
VQModObject::applyMod - SEARCH NOT FOUND (ABORTING MOD): $data['keyword'] = $$blog_category_info['keyword'];

----------------------------------------------------------------------


---------- Date: 2016-12-20 02:00:06 ~ IP : ::1 ----------
REQUEST URI : /cmsv2/admin/index.php?route=blog/blog_category/update&token=S1WBwC2bYhUqFMTofIwkXVoj3nJ0B2gy&blog_category_id=49
VQMod::_parseMods - INVALID XML FILE: : Document is empty in /Applications/MAMP/htdocs/cmsv2/vqmod/xml/seopack.xml, line: 1
MOD DETAILS:
   modFile   : /Applications/MAMP/htdocs/cmsv2/vqmod/xml/ML_seo_blog.xml
   id        : Blog Multi Language SEO Keywords
   version   : 1.0.0
   vqmver    : 2.1.5
   author    : binh@wbc.vn

File Name    : admin/controller/blog/blog_category.php(0)
VQModObject::applyMod - SEARCH NOT FOUND (ABORTING MOD): $data['keyword'] = $$blog_category_info['keyword'];

----------------------------------------------------------------------


---------- Date: 2016-12-20 02:01:26 ~ IP : ::1 ----------
REQUEST URI : /cmsv2/admin/index.php?route=blog/blog_category/update&token=S1WBwC2bYhUqFMTofIwkXVoj3nJ0B2gy&blog_category_id=49
VQMod::_parseMods - INVALID XML FILE: : Document is empty in /Applications/MAMP/htdocs/cmsv2/vqmod/xml/seopack.xml, line: 1
MOD DETAILS:
   modFile   : /Applications/MAMP/htdocs/cmsv2/vqmod/xml/ML_seo_blog.xml
   id        : Blog Multi Language SEO Keywords
   version   : 1.0.0
   vqmver    : 2.1.5
   author    : binh@wbc.vn

File Name    : admin/controller/blog/blog_category.php(0)
VQModObject::applyMod - SEARCH NOT FOUND (ABORTING MOD): $data['keyword'] = $$blog_category_info['keyword'];

----------------------------------------------------------------------


---------- Date: 2016-12-20 02:01:57 ~ IP : ::1 ----------
REQUEST URI : /cmsv2/admin/index.php?route=blog/blog_category/update&token=S1WBwC2bYhUqFMTofIwkXVoj3nJ0B2gy&blog_category_id=49
VQMod::_parseMods - INVALID XML FILE: : Document is empty in /Applications/MAMP/htdocs/cmsv2/vqmod/xml/seopack.xml, line: 1
MOD DETAILS:
   modFile   : /Applications/MAMP/htdocs/cmsv2/vqmod/xml/ML_seo_blog.xml
   id        : Blog Multi Language SEO Keywords
   version   : 1.0.0
   vqmver    : 2.1.5
   author    : binh@wbc.vn

File Name    : admin/controller/blog/blog_category.php(0)
VQModObject::applyMod - SEARCH NOT FOUND (ABORTING MOD): $data['keyword'] = $$blog_category_info['keyword'];

----------------------------------------------------------------------


---------- Date: 2016-12-20 02:02:14 ~ IP : ::1 ----------
REQUEST URI : /cmsv2/admin/index.php?route=blog/blog_category/update&token=S1WBwC2bYhUqFMTofIwkXVoj3nJ0B2gy&blog_category_id=49
VQMod::_parseMods - INVALID XML FILE: : Document is empty in /Applications/MAMP/htdocs/cmsv2/vqmod/xml/seopack.xml, line: 1
MOD DETAILS:
   modFile   : /Applications/MAMP/htdocs/cmsv2/vqmod/xml/ML_seo_blog.xml
   id        : Blog Multi Language SEO Keywords
   version   : 1.0.0
   vqmver    : 2.1.5
   author    : binh@wbc.vn

File Name    : admin/controller/blog/blog_category.php(0)
VQModObject::applyMod - SEARCH NOT FOUND (ABORTING MOD): $data['keyword'] = $$blog_category_info['keyword'];

----------------------------------------------------------------------


---------- Date: 2016-12-20 02:02:45 ~ IP : ::1 ----------
REQUEST URI : /cmsv2/admin/index.php?route=blog/blog_category/update&token=S1WBwC2bYhUqFMTofIwkXVoj3nJ0B2gy&blog_category_id=49
VQMod::_parseMods - INVALID XML FILE: : Document is empty in /Applications/MAMP/htdocs/cmsv2/vqmod/xml/seopack.xml, line: 1
MOD DETAILS:
   modFile   : /Applications/MAMP/htdocs/cmsv2/vqmod/xml/ML_seo_blog.xml
   id        : Blog Multi Language SEO Keywords
   version   : 1.0.0
   vqmver    : 2.1.5
   author    : binh@wbc.vn

File Name    : admin/controller/blog/blog_category.php(0)
VQModObject::applyMod - SEARCH NOT FOUND (ABORTING MOD): $data['keyword'] = $$blog_category_info['keyword'];

----------------------------------------------------------------------


---------- Date: 2016-12-20 02:04:02 ~ IP : ::1 ----------
REQUEST URI : /cmsv2/admin/index.php?route=blog/blog_category/update&token=S1WBwC2bYhUqFMTofIwkXVoj3nJ0B2gy&blog_category_id=49
VQMod::_parseMods - INVALID XML FILE: : Document is empty in /Applications/MAMP/htdocs/cmsv2/vqmod/xml/seopack.xml, line: 1
MOD DETAILS:
   modFile   : /Applications/MAMP/htdocs/cmsv2/vqmod/xml/ML_seo_blog.xml
   id        : Blog Multi Language SEO Keywords
   version   : 1.0.0
   vqmver    : 2.1.5
   author    : binh@wbc.vn

File Name    : admin/controller/blog/blog_category.php(0)
VQModObject::applyMod - SEARCH NOT FOUND (ABORTING MOD): $data['keyword'] = $$blog_category_info['keyword'];

----------------------------------------------------------------------


---------- Date: 2016-12-20 02:04:53 ~ IP : ::1 ----------
REQUEST URI : /cmsv2/admin/index.php?route=blog/blog_category/update&token=S1WBwC2bYhUqFMTofIwkXVoj3nJ0B2gy&blog_category_id=49
VQMod::_parseMods - INVALID XML FILE: : Document is empty in /Applications/MAMP/htdocs/cmsv2/vqmod/xml/seopack.xml, line: 1
MOD DETAILS:
   modFile   : /Applications/MAMP/htdocs/cmsv2/vqmod/xml/ML_seo_blog.xml
   id        : Blog Multi Language SEO Keywords
   version   : 1.0.0
   vqmver    : 2.1.5
   author    : binh@wbc.vn

File Name    : admin/controller/blog/blog_category.php(0)
VQModObject::applyMod - SEARCH NOT FOUND (ABORTING MOD): $data['keyword'] = $$blog_category_info['keyword'];

----------------------------------------------------------------------


---------- Date: 2016-12-20 02:05:10 ~ IP : ::1 ----------
REQUEST URI : /cmsv2/admin/index.php?route=blog/blog_category/update&token=S1WBwC2bYhUqFMTofIwkXVoj3nJ0B2gy&blog_category_id=49
VQMod::_parseMods - INVALID XML FILE: : Document is empty in /Applications/MAMP/htdocs/cmsv2/vqmod/xml/seopack.xml, line: 1
----------------------------------------------------------------------


---------- Date: 2016-12-20 02:05:20 ~ IP : ::1 ----------
REQUEST URI : /cmsv2/admin/index.php?route=blog/blog_category/update&token=S1WBwC2bYhUqFMTofIwkXVoj3nJ0B2gy&blog_category_id=49
VQMod::_parseMods - INVALID XML FILE: : Document is empty in /Applications/MAMP/htdocs/cmsv2/vqmod/xml/seopack.xml, line: 1
MOD DETAILS:
   modFile   : /Applications/MAMP/htdocs/cmsv2/vqmod/xml/ML_seo_blog.xml
   id        : Blog Multi Language SEO Keywords
   version   : 1.0.0
   vqmver    : 2.1.5
   author    : binh@wbc.vn

File Name    : admin/controller/blog/blog_category.php(0)
VQModObject::applyMod - SEARCH NOT FOUND (ABORTING MOD): $data['keyword'] = $$blog_category_info['keyword'];

----------------------------------------------------------------------


---------- Date: 2016-12-20 02:05:29 ~ IP : ::1 ----------
REQUEST URI : /cmsv2/admin/index.php?route=blog/blog_category/update&token=S1WBwC2bYhUqFMTofIwkXVoj3nJ0B2gy&blog_category_id=49
VQMod::_parseMods - INVALID XML FILE: : Document is empty in /Applications/MAMP/htdocs/cmsv2/vqmod/xml/seopack.xml, line: 1
----------------------------------------------------------------------


---------- Date: 2016-12-20 02:05:34 ~ IP : ::1 ----------
REQUEST URI : /cmsv2/admin/index.php?route=blog/blog_category/update&token=S1WBwC2bYhUqFMTofIwkXVoj3nJ0B2gy&blog_category_id=49
VQMod::_parseMods - INVALID XML FILE: : Document is empty in /Applications/MAMP/htdocs/cmsv2/vqmod/xml/seopack.xml, line: 1
MOD DETAILS:
   modFile   : /Applications/MAMP/htdocs/cmsv2/vqmod/xml/ML_seo_blog.xml
   id        : Blog Multi Language SEO Keywords
   version   : 1.0.0
   vqmver    : 2.1.5
   author    : binh@wbc.vn

File Name    : admin/controller/blog/blog_category.php(0)
VQModObject::applyMod - SEARCH NOT FOUND (ABORTING MOD): $data['keyword'] = $$blog_category_info['keyword'];

----------------------------------------------------------------------


---------- Date: 2016-12-20 02:06:35 ~ IP : ::1 ----------
REQUEST URI : /cmsv2/admin/index.php?route=blog/blog_category/update&token=S1WBwC2bYhUqFMTofIwkXVoj3nJ0B2gy&blog_category_id=49
VQMod::_parseMods - INVALID XML FILE: : Document is empty in /Applications/MAMP/htdocs/cmsv2/vqmod/xml/seopack.xml, line: 1
----------------------------------------------------------------------


---------- Date: 2016-12-20 02:09:57 ~ IP : ::1 ----------
REQUEST URI : /cmsv2/admin/index.php?route=catalog/seopack&token=S1WBwC2bYhUqFMTofIwkXVoj3nJ0B2gy
VQMod::_parseMods - INVALID XML FILE: : Document is empty in /Applications/MAMP/htdocs/cmsv2/vqmod/xml/seopack.xml, line: 1
----------------------------------------------------------------------


---------- Date: 2016-12-20 02:25:57 ~ IP : ::1 ----------
REQUEST URI : /cmsv2/admin/index.php?route=extension/extension&token=S1WBwC2bYhUqFMTofIwkXVoj3nJ0B2gy
VQMod::_parseMods - INVALID XML FILE: : Document is empty in /Applications/MAMP/htdocs/cmsv2/vqmod/xml/Blog_instant_seo.xml, line: 1
VQMod::_parseMods - INVALID XML FILE: : Document is empty in /Applications/MAMP/htdocs/cmsv2/vqmod/xml/seopack.xml, line: 1
----------------------------------------------------------------------


---------- Date: 2016-12-20 02:26:10 ~ IP : ::1 ----------
REQUEST URI : /cmsv2/admin/index.php?route=extension/extension&token=S1WBwC2bYhUqFMTofIwkXVoj3nJ0B2gy
VQMod::_parseMods - INVALID XML FILE: : Extra content at the end of the document in /Applications/MAMP/htdocs/cmsv2/vqmod/xml/Blog_instant_seo.xml, line: 214
VQMod::_parseMods - INVALID XML FILE: : Document is empty in /Applications/MAMP/htdocs/cmsv2/vqmod/xml/seopack.xml, line: 1
----------------------------------------------------------------------


---------- Date: 2016-12-20 02:26:35 ~ IP : ::1 ----------
REQUEST URI : /cmsv2/admin/index.php?route=extension/modification/refresh&token=S1WBwC2bYhUqFMTofIwkXVoj3nJ0B2gy
VQMod::_parseMods - INVALID XML FILE: : Extra content at the end of the document in /Applications/MAMP/htdocs/cmsv2/vqmod/xml/Blog_instant_seo.xml, line: 215
VQMod::_parseMods - INVALID XML FILE: : Document is empty in /Applications/MAMP/htdocs/cmsv2/vqmod/xml/seopack.xml, line: 1
----------------------------------------------------------------------


---------- Date: 2016-12-20 02:26:48 ~ IP : ::1 ----------
REQUEST URI : /cmsv2/admin/index.php?route=extension/modification/refresh&token=S1WBwC2bYhUqFMTofIwkXVoj3nJ0B2gy
VQMod::_parseMods - INVALID XML FILE: : Extra content at the end of the document in /Applications/MAMP/htdocs/cmsv2/vqmod/xml/Blog_instant_seo.xml, line: 215
VQMod::_parseMods - INVALID XML FILE: : Document is empty in /Applications/MAMP/htdocs/cmsv2/vqmod/xml/seopack.xml, line: 1
----------------------------------------------------------------------


---------- Date: 2016-12-20 02:32:57 ~ IP : ::1 ----------
REQUEST URI : /cmsv2/admin/index.php?route=extension/modification/refresh&token=S1WBwC2bYhUqFMTofIwkXVoj3nJ0B2gy
VQMod::_parseMods - INVALID XML FILE: : Document is empty in /Applications/MAMP/htdocs/cmsv2/vqmod/xml/seopack.xml, line: 1
----------------------------------------------------------------------


---------- Date: 2016-12-20 02:33:06 ~ IP : ::1 ----------
REQUEST URI : /cmsv2/admin/index.php?route=blog/blog/update&token=S1WBwC2bYhUqFMTofIwkXVoj3nJ0B2gy&blog_id=16
MOD DETAILS:
   modFile   : /Applications/MAMP/htdocs/cmsv2/vqmod/xml/Blog_instant_seo.xml
   id        : Blog Instant SEO Keywords
   version   : 1.0.0
   vqmver    : 2.1.5
   author    : binh@wbc.vn

File Name    : admin/model/blog/blog_category.php(1)
VQModObject::applyMod - SEARCH NOT FOUND (ABORTING MOD): $this->cache->delete('category');

----------------------------------------------------------------------


---------- Date: 2016-12-20 02:34:08 ~ IP : ::1 ----------
REQUEST URI : /cmsv2/admin/index.php?route=blog/blog/update&token=S1WBwC2bYhUqFMTofIwkXVoj3nJ0B2gy&blog_id=16
VQMod::_parseMods - INVALID XML FILE: : Document is empty in /Applications/MAMP/htdocs/cmsv2/vqmod/xml/seopack.xml, line: 1
MOD DETAILS:
   modFile   : /Applications/MAMP/htdocs/cmsv2/vqmod/xml/Blog_instant_seo.xml
   id        : Blog Instant SEO Keywords
   version   : 1.0.0
   vqmver    : 2.1.5
   author    : binh@wbc.vn

File Name    : admin/model/blog/blog_category.php(1)
VQModObject::applyMod - SEARCH NOT FOUND (ABORTING MOD): $this->cache->delete('category');

----------------------------------------------------------------------


---------- Date: 2016-12-20 02:35:01 ~ IP : ::1 ----------
REQUEST URI : /cmsv2/admin/index.php?route=blog/blog/update&token=S1WBwC2bYhUqFMTofIwkXVoj3nJ0B2gy&blog_id=16
VQMod::_parseMods - INVALID XML FILE: : Document is empty in /Applications/MAMP/htdocs/cmsv2/vqmod/xml/seopack.xml, line: 1
MOD DETAILS:
   modFile   : /Applications/MAMP/htdocs/cmsv2/vqmod/xml/Blog_instant_seo.xml
   id        : Blog Instant SEO Keywords
   version   : 1.0.0
   vqmver    : 2.1.5
   author    : binh@wbc.vn

File Name    : admin/model/blog/blog_category.php(1)
VQModObject::applyMod - SEARCH NOT FOUND (ABORTING MOD): $this->cache->delete('category');

----------------------------------------------------------------------


---------- Date: 2016-12-20 02:35:18 ~ IP : ::1 ----------
REQUEST URI : /cmsv2/admin/index.php?route=blog/blog/update&token=S1WBwC2bYhUqFMTofIwkXVoj3nJ0B2gy&blog_id=16
VQMod::_parseMods - INVALID XML FILE: : Document is empty in /Applications/MAMP/htdocs/cmsv2/vqmod/xml/seopack.xml, line: 1
MOD DETAILS:
   modFile   : /Applications/MAMP/htdocs/cmsv2/vqmod/xml/Blog_instant_seo.xml
   id        : Blog Instant SEO Keywords
   version   : 1.0.0
   vqmver    : 2.1.5
   author    : binh@wbc.vn

File Name    : admin/model/blog/blog_category.php(1)
VQModObject::applyMod - SEARCH NOT FOUND (ABORTING MOD): $this->cache->delete('category');

----------------------------------------------------------------------


---------- Date: 2016-12-20 02:35:47 ~ IP : ::1 ----------
REQUEST URI : /cmsv2/admin/index.php?route=blog/blog/update&token=S1WBwC2bYhUqFMTofIwkXVoj3nJ0B2gy&blog_id=16
VQMod::_parseMods - INVALID XML FILE: : Document is empty in /Applications/MAMP/htdocs/cmsv2/vqmod/xml/seopack.xml, line: 1
MOD DETAILS:
   modFile   : /Applications/MAMP/htdocs/cmsv2/vqmod/xml/Blog_instant_seo.xml
   id        : Blog Instant SEO Keywords
   version   : 1.0.0
   vqmver    : 2.1.5
   author    : binh@wbc.vn

File Name    : admin/model/blog/blog_category.php(1)
VQModObject::applyMod - SEARCH NOT FOUND (ABORTING MOD): $this->cache->delete('category');

----------------------------------------------------------------------


---------- Date: 2016-12-20 02:36:30 ~ IP : ::1 ----------
REQUEST URI : /cmsv2/admin/index.php?route=blog/blog/update&token=S1WBwC2bYhUqFMTofIwkXVoj3nJ0B2gy&blog_id=16
VQMod::_parseMods - INVALID XML FILE: : Document is empty in /Applications/MAMP/htdocs/cmsv2/vqmod/xml/seopack.xml, line: 1
MOD DETAILS:
   modFile   : /Applications/MAMP/htdocs/cmsv2/vqmod/xml/Blog_instant_seo.xml
   id        : Blog Instant SEO Keywords
   version   : 1.0.0
   vqmver    : 2.1.5
   author    : binh@wbc.vn

File Name    : admin/model/blog/blog_category.php(1)
VQModObject::applyMod - SEARCH NOT FOUND (ABORTING MOD): $this->cache->delete('category');

----------------------------------------------------------------------


---------- Date: 2016-12-20 02:37:00 ~ IP : ::1 ----------
REQUEST URI : /cmsv2/admin/index.php?route=blog/blog/update&token=S1WBwC2bYhUqFMTofIwkXVoj3nJ0B2gy&blog_id=16
VQMod::_parseMods - INVALID XML FILE: : Document is empty in /Applications/MAMP/htdocs/cmsv2/vqmod/xml/seopack.xml, line: 1
MOD DETAILS:
   modFile   : /Applications/MAMP/htdocs/cmsv2/vqmod/xml/Blog_instant_seo.xml
   id        : Blog Instant SEO Keywords
   version   : 1.0.0
   vqmver    : 2.1.5
   author    : binh@wbc.vn

File Name    : admin/model/blog/blog_category.php(1)
VQModObject::applyMod - SEARCH NOT FOUND (ABORTING MOD): $this->cache->delete('category');

----------------------------------------------------------------------


---------- Date: 2016-12-20 02:37:35 ~ IP : ::1 ----------
REQUEST URI : /cmsv2/admin/index.php?route=blog/blog/update&token=S1WBwC2bYhUqFMTofIwkXVoj3nJ0B2gy&blog_id=16
VQMod::_parseMods - INVALID XML FILE: : Document is empty in /Applications/MAMP/htdocs/cmsv2/vqmod/xml/seopack.xml, line: 1
MOD DETAILS:
   modFile   : /Applications/MAMP/htdocs/cmsv2/vqmod/xml/Blog_instant_seo.xml
   id        : Blog Instant SEO Keywords
   version   : 1.0.0
   vqmver    : 2.1.5
   author    : binh@wbc.vn

File Name    : admin/model/blog/blog_category.php(1)
VQModObject::applyMod - SEARCH NOT FOUND (ABORTING MOD): $this->cache->delete('category');

----------------------------------------------------------------------


---------- Date: 2016-12-20 02:41:05 ~ IP : ::1 ----------
REQUEST URI : /cmsv2/admin/index.php?route=blog/blog/update&token=S1WBwC2bYhUqFMTofIwkXVoj3nJ0B2gy&blog_id=16
VQMod::_parseMods - INVALID XML FILE: : Document is empty in /Applications/MAMP/htdocs/cmsv2/vqmod/xml/seopack.xml, line: 1
MOD DETAILS:
   modFile   : /Applications/MAMP/htdocs/cmsv2/vqmod/xml/Blog_instant_seo.xml
   id        : Blog Instant SEO Keywords
   version   : 1.0.0
   vqmver    : 2.1.5
   author    : binh@wbc.vn

File Name    : admin/model/blog/blog_category.php(1)
VQModObject::applyMod - SEARCH NOT FOUND (ABORTING MOD): $this->cache->delete('category');

----------------------------------------------------------------------


---------- Date: 2016-12-20 02:42:08 ~ IP : ::1 ----------
REQUEST URI : /cmsv2/admin/index.php?route=catalog/product/edit&token=S1WBwC2bYhUqFMTofIwkXVoj3nJ0B2gy&product_id=42
VQMod::_parseMods - INVALID XML FILE: : Document is empty in /Applications/MAMP/htdocs/cmsv2/vqmod/xml/seopack.xml, line: 1
----------------------------------------------------------------------


---------- Date: 2016-12-20 02:42:18 ~ IP : ::1 ----------
REQUEST URI : /cmsv2/admin/index.php?route=blog/blog/update&token=S1WBwC2bYhUqFMTofIwkXVoj3nJ0B2gy&blog_id=16
MOD DETAILS:
   modFile   : /Applications/MAMP/htdocs/cmsv2/vqmod/xml/Blog_instant_seo.xml
   id        : Blog Instant SEO Keywords
   version   : 1.0.0
   vqmver    : 2.1.5
   author    : binh@wbc.vn

File Name    : admin/model/blog/blog_category.php(1)
VQModObject::applyMod - SEARCH NOT FOUND (ABORTING MOD): $this->cache->delete('category');

----------------------------------------------------------------------


---------- Date: 2016-12-20 02:43:20 ~ IP : ::1 ----------
REQUEST URI : /cmsv2/admin/index.php?route=blog/blog/update&token=S1WBwC2bYhUqFMTofIwkXVoj3nJ0B2gy&blog_id=16
VQMod::_parseMods - INVALID XML FILE: : Document is empty in /Applications/MAMP/htdocs/cmsv2/vqmod/xml/seopack.xml, line: 1
MOD DETAILS:
   modFile   : /Applications/MAMP/htdocs/cmsv2/vqmod/xml/Blog_instant_seo.xml
   id        : Blog Instant SEO Keywords
   version   : 1.0.0
   vqmver    : 2.1.5
   author    : binh@wbc.vn

File Name    : admin/model/blog/blog_category.php(1)
VQModObject::applyMod - SEARCH NOT FOUND (ABORTING MOD): $this->cache->delete('category');

----------------------------------------------------------------------


---------- Date: 2016-12-20 02:43:28 ~ IP : ::1 ----------
REQUEST URI : /cmsv2/admin/index.php?route=blog/blog/update&token=S1WBwC2bYhUqFMTofIwkXVoj3nJ0B2gy&blog_id=16
VQMod::_parseMods - INVALID XML FILE: : Document is empty in /Applications/MAMP/htdocs/cmsv2/vqmod/xml/seopack.xml, line: 1
MOD DETAILS:
   modFile   : /Applications/MAMP/htdocs/cmsv2/vqmod/xml/Blog_instant_seo.xml
   id        : Blog Instant SEO Keywords
   version   : 1.0.0
   vqmver    : 2.1.5
   author    : binh@wbc.vn

File Name    : admin/model/blog/blog_category.php(1)
VQModObject::applyMod - SEARCH NOT FOUND (ABORTING MOD): $this->cache->delete('category');

----------------------------------------------------------------------


---------- Date: 2016-12-20 02:43:52 ~ IP : ::1 ----------
REQUEST URI : /cmsv2/admin/index.php?route=blog/blog/update&token=S1WBwC2bYhUqFMTofIwkXVoj3nJ0B2gy&blog_id=16
VQMod::_parseMods - INVALID XML FILE: : Document is empty in /Applications/MAMP/htdocs/cmsv2/vqmod/xml/seopack.xml, line: 1
----------------------------------------------------------------------


---------- Date: 2016-12-20 02:44:48 ~ IP : ::1 ----------
REQUEST URI : /cmsv2/admin/index.php?route=blog/blog/update&token=S1WBwC2bYhUqFMTofIwkXVoj3nJ0B2gy&blog_id=16
VQMod::_parseMods - INVALID XML FILE: : Document is empty in /Applications/MAMP/htdocs/cmsv2/vqmod/xml/seopack.xml, line: 1
MOD DETAILS:
   modFile   : /Applications/MAMP/htdocs/cmsv2/vqmod/xml/Blog_instant_seo.xml
   id        : Blog Instant SEO Keywords
   version   : 1.0.0
   vqmver    : 2.1.5
   author    : binh@wbc.vn

File Name    : admin/model/blog/blog_category.php(1)
VQModObject::applyMod - SEARCH NOT FOUND (ABORTING MOD): $this->cache->delete('category');

----------------------------------------------------------------------


---------- Date: 2016-12-20 02:45:19 ~ IP : ::1 ----------
REQUEST URI : /cmsv2/admin/index.php?route=blog/blog/update&token=S1WBwC2bYhUqFMTofIwkXVoj3nJ0B2gy&blog_id=16
VQMod::_parseMods - INVALID XML FILE: : Document is empty in /Applications/MAMP/htdocs/cmsv2/vqmod/xml/seopack.xml, line: 1
MOD DETAILS:
   modFile   : /Applications/MAMP/htdocs/cmsv2/vqmod/xml/Blog_instant_seo.xml
   id        : Blog Instant SEO Keywords
   version   : 1.0.0
   vqmver    : 2.1.5
   author    : binh@wbc.vn

File Name    : admin/model/blog/blog_category.php(1)
VQModObject::applyMod - SEARCH NOT FOUND (ABORTING MOD): $this->cache->delete('category');

----------------------------------------------------------------------


---------- Date: 2016-12-20 02:45:56 ~ IP : ::1 ----------
REQUEST URI : /cmsv2/admin/index.php?route=blog/blog/update&token=S1WBwC2bYhUqFMTofIwkXVoj3nJ0B2gy&blog_id=16
VQMod::_parseMods - INVALID XML FILE: : Document is empty in /Applications/MAMP/htdocs/cmsv2/vqmod/xml/seopack.xml, line: 1
----------------------------------------------------------------------


---------- Date: 2016-12-20 02:45:59 ~ IP : ::1 ----------
REQUEST URI : /cmsv2/admin/index.php?route=blog/blog/update&token=S1WBwC2bYhUqFMTofIwkXVoj3nJ0B2gy&blog_id=16
MOD DETAILS:
   modFile   : /Applications/MAMP/htdocs/cmsv2/vqmod/xml/Blog_instant_seo.xml
   id        : Blog Instant SEO Keywords
   version   : 1.0.0
   vqmver    : 2.1.5
   author    : binh@wbc.vn

File Name    : admin/model/blog/blog_category.php(1)
VQModObject::applyMod - SEARCH NOT FOUND (ABORTING MOD): $this->cache->delete('category');

----------------------------------------------------------------------


---------- Date: 2016-12-20 02:47:46 ~ IP : ::1 ----------
REQUEST URI : /cmsv2/admin/index.php?route=blog/blog/update&token=S1WBwC2bYhUqFMTofIwkXVoj3nJ0B2gy&blog_id=16
VQMod::_parseMods - INVALID XML FILE: : Document is empty in /Applications/MAMP/htdocs/cmsv2/vqmod/xml/seopack.xml, line: 1
MOD DETAILS:
   modFile   : /Applications/MAMP/htdocs/cmsv2/vqmod/xml/Blog_instant_seo.xml
   id        : Blog Instant SEO Keywords
   version   : 1.0.0
   vqmver    : 2.1.5
   author    : binh@wbc.vn

File Name    : admin/model/blog/blog_category.php(1)
VQModObject::applyMod - SEARCH NOT FOUND (ABORTING MOD): $this->cache->delete('category');

----------------------------------------------------------------------


---------- Date: 2016-12-20 02:48:23 ~ IP : ::1 ----------
REQUEST URI : /cmsv2/admin/index.php?route=blog/blog_category/update&token=S1WBwC2bYhUqFMTofIwkXVoj3nJ0B2gy&blog_category_id=49
VQMod::_parseMods - INVALID XML FILE: : Document is empty in /Applications/MAMP/htdocs/cmsv2/vqmod/xml/seopack.xml, line: 1
----------------------------------------------------------------------


---------- Date: 2016-12-20 02:51:50 ~ IP : ::1 ----------
REQUEST URI : /cmsv2/index.php?route=blog/category&blogpath=50
MOD DETAILS:
   modFile   : /Applications/MAMP/htdocs/cmsv2/vqmod/xml/Blog_Canonical.xml
   id        : Blog Canonical
   version   : 1.0.0
   vqmver    : 2.1.5
   author    : binh@wbc.vn
VQModObject::parseMods - Could not resolve path for [catalog/controller/blog/blog_category.php] (SKIPPED)

VQMod::_parseMods - INVALID XML FILE: : Document is empty in /Applications/MAMP/htdocs/cmsv2/vqmod/xml/seopack.xml, line: 1
----------------------------------------------------------------------


---------- Date: 2016-12-20 02:52:45 ~ IP : ::1 ----------
REQUEST URI : /cmsv2/index.php?route=blog/category&blogpath=50
MOD DETAILS:
   modFile   : /Applications/MAMP/htdocs/cmsv2/vqmod/xml/Blog_Canonical.xml
   id        : Blog Canonical
   version   : 1.0.0
   vqmver    : 2.1.5
   author    : binh@wbc.vn
VQModObject::parseMods - Could not resolve path for [catalog/controller/blog/blog_category.php] (SKIPPED)

VQMod::_parseMods - INVALID XML FILE: : Document is empty in /Applications/MAMP/htdocs/cmsv2/vqmod/xml/seopack.xml, line: 1
----------------------------------------------------------------------


---------- Date: 2016-12-20 02:53:18 ~ IP : ::1 ----------
REQUEST URI : /cmsv2/index.php?route=blog/category&blogpath=52
MOD DETAILS:
   modFile   : /Applications/MAMP/htdocs/cmsv2/vqmod/xml/Blog_Canonical.xml
   id        : Blog Canonical
   version   : 1.0.0
   vqmver    : 2.1.5
   author    : binh@wbc.vn
VQModObject::parseMods - Could not resolve path for [catalog/controller/blog/blog_category.php] (SKIPPED)

VQMod::_parseMods - INVALID XML FILE: : Document is empty in /Applications/MAMP/htdocs/cmsv2/vqmod/xml/seopack.xml, line: 1
----------------------------------------------------------------------


---------- Date: 2016-12-20 02:53:41 ~ IP : ::1 ----------
REQUEST URI : /cmsv2/index.php?route=blog/category&blogpath=52
MOD DETAILS:
   modFile   : /Applications/MAMP/htdocs/cmsv2/vqmod/xml/Blog_Canonical.xml
   id        : Blog Canonical
   version   : 1.0.0
   vqmver    : 2.1.5
   author    : binh@wbc.vn
VQModObject::parseMods - Could not resolve path for [catalog/controller/blog/blog_category.php] (SKIPPED)

VQMod::_parseMods - INVALID XML FILE: : Document is empty in /Applications/MAMP/htdocs/cmsv2/vqmod/xml/seopack.xml, line: 1
----------------------------------------------------------------------


---------- Date: 2016-12-20 02:53:56 ~ IP : ::1 ----------
REQUEST URI : /cmsv2/index.php?route=blog/category&blogpath=52
MOD DETAILS:
   modFile   : /Applications/MAMP/htdocs/cmsv2/vqmod/xml/Blog_Canonical.xml
   id        : Blog Canonical
   version   : 1.0.0
   vqmver    : 2.1.5
   author    : binh@wbc.vn
VQModObject::parseMods - Could not resolve path for [catalog/controller/blog/blog_category.php] (SKIPPED)

VQMod::_parseMods - INVALID XML FILE: : Document is empty in /Applications/MAMP/htdocs/cmsv2/vqmod/xml/seopack.xml, line: 1
----------------------------------------------------------------------


---------- Date: 2016-12-20 02:54:09 ~ IP : ::1 ----------
REQUEST URI : /cmsv2/index.php?route=blog/category&blogpath=52
MOD DETAILS:
   modFile   : /Applications/MAMP/htdocs/cmsv2/vqmod/xml/Blog_Canonical.xml
   id        : Blog Canonical
   version   : 1.0.0
   vqmver    : 2.1.5
   author    : binh@wbc.vn
VQModObject::parseMods - Could not resolve path for [catalog/controller/blog/blog_category.php] (SKIPPED)

VQMod::_parseMods - INVALID XML FILE: : Document is empty in /Applications/MAMP/htdocs/cmsv2/vqmod/xml/seopack.xml, line: 1
----------------------------------------------------------------------


---------- Date: 2016-12-20 02:55:23 ~ IP : ::1 ----------
REQUEST URI : /cmsv2/index.php?route=blog/category&blogpath=50
MOD DETAILS:
   modFile   : /Applications/MAMP/htdocs/cmsv2/vqmod/xml/Blog_Canonical.xml
   id        : Blog Canonical
   version   : 1.0.0
   vqmver    : 2.1.5
   author    : binh@wbc.vn
VQModObject::parseMods - Could not resolve path for [catalog/controller/blog/blog_category.php] (SKIPPED)

VQMod::_parseMods - INVALID XML FILE: : Document is empty in /Applications/MAMP/htdocs/cmsv2/vqmod/xml/seopack.xml, line: 1
----------------------------------------------------------------------


---------- Date: 2016-12-20 02:55:30 ~ IP : ::1 ----------
REQUEST URI : /cmsv2/index.php?route=blog/category&blogpath=50
MOD DETAILS:
   modFile   : /Applications/MAMP/htdocs/cmsv2/vqmod/xml/Blog_Canonical.xml
   id        : Blog Canonical
   version   : 1.0.0
   vqmver    : 2.1.5
   author    : binh@wbc.vn
VQModObject::parseMods - Could not resolve path for [catalog/controller/blog/blog_category.php] (SKIPPED)

VQMod::_parseMods - INVALID XML FILE: : Document is empty in /Applications/MAMP/htdocs/cmsv2/vqmod/xml/seopack.xml, line: 1
----------------------------------------------------------------------


---------- Date: 2016-12-20 02:56:47 ~ IP : ::1 ----------
REQUEST URI : /cmsv2/danh-muc-1
MOD DETAILS:
   modFile   : /Applications/MAMP/htdocs/cmsv2/vqmod/xml/Blog_Canonical.xml
   id        : Blog Canonical
   version   : 1.0.0
   vqmver    : 2.1.5
   author    : binh@wbc.vn
VQModObject::parseMods - Could not resolve path for [catalog/controller/blog/blog_category.php] (SKIPPED)

VQMod::_parseMods - INVALID XML FILE: : Document is empty in /Applications/MAMP/htdocs/cmsv2/vqmod/xml/seopack.xml, line: 1
----------------------------------------------------------------------


---------- Date: 2016-12-20 02:57:53 ~ IP : ::1 ----------
REQUEST URI : /cmsv2/oezil-gop-mat-o-doi-hinh-te-nhat-vong-17-ngoai-hang-anh.html
MOD DETAILS:
   modFile   : /Applications/MAMP/htdocs/cmsv2/vqmod/xml/Blog_Canonical.xml
   id        : Blog Canonical
   version   : 1.0.0
   vqmver    : 2.1.5
   author    : binh@wbc.vn
VQModObject::parseMods - Could not resolve path for [catalog/controller/blog/blog_category.php] (SKIPPED)

VQMod::_parseMods - INVALID XML FILE: : Document is empty in /Applications/MAMP/htdocs/cmsv2/vqmod/xml/seopack.xml, line: 1
----------------------------------------------------------------------


---------- Date: 2016-12-20 02:58:42 ~ IP : ::1 ----------
REQUEST URI : /cmsv2/danh-muc-1
VQMod::_parseMods - INVALID XML FILE: : Document is empty in /Applications/MAMP/htdocs/cmsv2/vqmod/xml/seopack.xml, line: 1
----------------------------------------------------------------------


---------- Date: 2016-12-20 02:58:54 ~ IP : ::1 ----------
REQUEST URI : /cmsv2/danh-muc-1
VQMod::_parseMods - INVALID XML FILE: : Document is empty in /Applications/MAMP/htdocs/cmsv2/vqmod/xml/seopack.xml, line: 1
----------------------------------------------------------------------


---------- Date: 2016-12-20 03:00:48 ~ IP : ::1 ----------
REQUEST URI : /cmsv2/category-2-1
MOD DETAILS:
   modFile   : /Applications/MAMP/htdocs/cmsv2/vqmod/xml/Blog_Canonical.xml
   id        : Blog Canonical
   version   : 1.0.0
   vqmver    : 2.1.5
   author    : binh@wbc.vn
VQModObject::parseMods - Could not resolve path for [catalog/controller/blog/blog_category.php] (SKIPPED)

VQMod::_parseMods - INVALID XML FILE: : Document is empty in /Applications/MAMP/htdocs/cmsv2/vqmod/xml/seopack.xml, line: 1
----------------------------------------------------------------------


---------- Date: 2016-12-20 03:00:55 ~ IP : ::1 ----------
REQUEST URI : /cmsv2/category-2-1
VQMod::_parseMods - INVALID XML FILE: : Document is empty in /Applications/MAMP/htdocs/cmsv2/vqmod/xml/seopack.xml, line: 1
----------------------------------------------------------------------


